# JRE version: OpenJDK Runtime Environment Temurin-17.0.18+8 (17.0.18+8) (build 17.0.18+8)
# Java VM: OpenJDK 64-Bit Server VM Temurin-17.0.18+8 (17.0.18+8, mixed mode, sharing, tiered, compressed oops, compressed class ptrs, g1 gc, windows-amd64)
GC Precious Log:
 CPUs: 12 total, 12 available
 Memory: 16068M
 Large Page Support: Disabled
 NUMA Support: Disabled
 Compressed Oops: Enabled (Zero based)
 Heap Region Size: 2M
 Heap Min Capacity: 8M
 Heap Initial Capacity: 252M
 Heap Max Capacity: 4018M
 Pre-touch: Disabled
 Parallel Workers: 10
 Concurrent Workers: 3
 Concurrent Refinement Workers: 10
 Periodic GC: Disabled
Heap:
 garbage-first heap   total 75776K, used 57546K [0x0000000704e00000, 0x0000000800000000)
  region size 2048K, 12 young (24576K), 2 survivors (4096K)
 Metaspace       used 71506K, committed 72000K, reserved 1114112K
  class space    used 9058K, committed 9280K, reserved 1048576K
GC Heap History (20 events):
Event: 17.064 GC heap before
{Heap before GC invocations=8 (full 0):
 garbage-first heap   total 75776K, used 32771K [0x0000000704e00000, 0x0000000800000000)
  region size 2048K, 7 young (14336K), 1 survivors (2048K)
 Metaspace       used 35678K, committed 35968K, reserved 1114112K
  class space    used 4308K, committed 4480K, reserved 1048576K
}
Event: 17.070 GC heap after
{Heap after GC invocations=9 (full 0):
 garbage-first heap   total 75776K, used 23625K [0x0000000704e00000, 0x0000000800000000)
  region size 2048K, 2 young (4096K), 2 survivors (4096K)
 Metaspace       used 35678K, committed 35968K, reserved 1114112K
  class space    used 4308K, committed 4480K, reserved 1048576K
}
Event: 18.889 GC heap before
{Heap before GC invocations=10 (full 0):
 garbage-first heap   total 75776K, used 50249K [0x0000000704e00000, 0x0000000800000000)
  region size 2048K, 15 young (30720K), 2 survivors (4096K)
 Metaspace       used 40700K, committed 41024K, reserved 1114112K
  class space    used 4912K, committed 5056K, reserved 1048576K
}
Event: 18.901 GC heap after
{Heap after GC invocations=11 (full 0):
 garbage-first heap   total 75776K, used 26487K [0x0000000704e00000, 0x0000000800000000)
  region size 2048K, 2 young (4096K), 2 survivors (4096K)
 Metaspace       used 40700K, committed 41024K, reserved 1114112K
  class space    used 4912K, committed 5056K, reserved 1048576K
}
Event: 23.815 GC heap before
{Heap before GC invocations=11 (full 0):
 garbage-first heap   total 75776K, used 55159K [0x0000000704e00000, 0x0000000800000000)
  region size 2048K, 16 young (32768K), 2 survivors (4096K)
 Metaspace       used 47319K, committed 47680K, reserved 1114112K
  class space    used 5644K, committed 5824K, reserved 1048576K
}
Event: 23.823 GC heap after
{Heap after GC invocations=12 (full 0):
 garbage-first heap   total 75776K, used 27376K [0x0000000704e00000, 0x0000000800000000)
  region size 2048K, 1 young (2048K), 1 survivors (2048K)
 Metaspace       used 47319K, committed 47680K, reserved 1114112K
  class space    used 5644K, committed 5824K, reserved 1048576K
}
Event: 26.091 GC heap before
{Heap before GC invocations=12 (full 0):
 garbage-first heap   total 75776K, used 56048K [0x0000000704e00000, 0x0000000800000000)
  region size 2048K, 15 young (30720K), 1 survivors (2048K)
 Metaspace       used 53149K, committed 53568K, reserved 1114112K
  class space    used 6386K, committed 6592K, reserved 1048576K
}
Event: 26.098 GC heap after
{Heap after GC invocations=13 (full 0):
 garbage-first heap   total 75776K, used 29169K [0x0000000704e00000, 0x0000000800000000)
  region size 2048K, 2 young (4096K), 2 survivors (4096K)
 Metaspace       used 53149K, committed 53568K, reserved 1114112K
  class space    used 6386K, committed 6592K, reserved 1048576K
}
Event: 28.312 GC heap before
{Heap before GC invocations=13 (full 0):
 garbage-first heap   total 75776K, used 53745K [0x0000000704e00000, 0x0000000800000000)
  region size 2048K, 15 young (30720K), 2 survivors (4096K)
 Metaspace       used 58679K, committed 59200K, reserved 1114112K
  class space    used 7230K, committed 7488K, reserved 1048576K
}
Event: 28.317 GC heap after
{Heap after GC invocations=14 (full 0):
 garbage-first heap   total 75776K, used 31152K [0x0000000704e00000, 0x0000000800000000)
  region size 2048K, 2 young (4096K), 2 survivors (4096K)
 Metaspace       used 58679K, committed 59200K, reserved 1114112K
  class space    used 7230K, committed 7488K, reserved 1048576K
}
Event: 28.524 GC heap before
{Heap before GC invocations=14 (full 0):
 garbage-first heap   total 75776K, used 37296K [0x0000000704e00000, 0x0000000800000000)
  region size 2048K, 6 young (12288K), 2 survivors (4096K)
 Metaspace       used 59657K, committed 60160K, reserved 1114112K
  class space    used 7365K, committed 7616K, reserved 1048576K
}
Event: 28.531 GC heap after
{Heap after GC invocations=15 (full 0):
 garbage-first heap   total 75776K, used 31418K [0x0000000704e00000, 0x0000000800000000)
  region size 2048K, 2 young (4096K), 2 survivors (4096K)
 Metaspace       used 59657K, committed 60160K, reserved 1114112K
  class space    used 7365K, committed 7616K, reserved 1048576K
}
Event: 30.750 GC heap before
{Heap before GC invocations=16 (full 0):
 garbage-first heap   total 75776K, used 55994K [0x0000000704e00000, 0x0000000800000000)
  region size 2048K, 14 young (28672K), 2 survivors (4096K)
 Metaspace       used 63045K, committed 63488K, reserved 1114112K
  class space    used 7911K, committed 8128K, reserved 1048576K
}
Event: 30.759 GC heap after
{Heap after GC invocations=17 (full 0):
 garbage-first heap   total 75776K, used 33397K [0x0000000704e00000, 0x0000000800000000)
  region size 2048K, 2 young (4096K), 2 survivors (4096K)
 Metaspace       used 63045K, committed 63488K, reserved 1114112K
  class space    used 7911K, committed 8128K, reserved 1048576K
}
Event: 37.165 GC heap before
{Heap before GC invocations=17 (full 0):
 garbage-first heap   total 75776K, used 57973K [0x0000000704e00000, 0x0000000800000000)
  region size 2048K, 14 young (28672K), 2 survivors (4096K)
 Metaspace       used 64550K, committed 65024K, reserved 1114112K
  class space    used 8081K, committed 8320K, reserved 1048576K
}
Event: 37.179 GC heap after
{Heap after GC invocations=18 (full 0):
 garbage-first heap   total 75776K, used 35858K [0x0000000704e00000, 0x0000000800000000)
  region size 2048K, 2 young (4096K), 2 survivors (4096K)
 Metaspace       used 64550K, committed 65024K, reserved 1114112K
  class space    used 8081K, committed 8320K, reserved 1048576K
}
Event: 40.969 GC heap before
{Heap before GC invocations=18 (full 0):
 garbage-first heap   total 75776K, used 58386K [0x0000000704e00000, 0x0000000800000000)
  region size 2048K, 13 young (26624K), 2 survivors (4096K)
 Metaspace       used 66452K, committed 67008K, reserved 1114112K
  class space    used 8325K, committed 8576K, reserved 1048576K
}
Event: 40.991 GC heap after
{Heap after GC invocations=19 (full 0):
 garbage-first heap   total 75776K, used 37864K [0x0000000704e00000, 0x0000000800000000)
  region size 2048K, 1 young (2048K), 1 survivors (2048K)
 Metaspace       used 66452K, committed 67008K, reserved 1114112K
  class space    used 8325K, committed 8576K, reserved 1048576K
}
Event: 45.702 GC heap before
{Heap before GC invocations=19 (full 0):
 garbage-first heap   total 75776K, used 60392K [0x0000000704e00000, 0x0000000800000000)
  region size 2048K, 12 young (24576K), 1 survivors (2048K)
 Metaspace       used 68657K, committed 69184K, reserved 1114112K
  class space    used 8646K, committed 8896K, reserved 1048576K
}
Event: 45.710 GC heap after
{Heap after GC invocations=20 (full 0):
 garbage-first heap   total 75776K, used 39114K [0x0000000704e00000, 0x0000000800000000)
  region size 2048K, 2 young (4096K), 2 survivors (4096K)
 Metaspace       used 68657K, committed 69184K, reserved 1114112K
  class space    used 8646K, committed 8896K, reserved 1048576K
}

